[debug] [2023-04-28T10:31:26.547Z] ----------------------------------------------------------------------
[debug] [2023-04-28T10:31:26.549Z] Command:       /home/ephrem/.nvm/versions/node/v16.20.0/bin/node /home/ephrem/.nvm/versions/node/v16.20.0/bin/firebase deploy
[debug] [2023-04-28T10:31:26.549Z] CLI Version:   11.29.1
[debug] [2023-04-28T10:31:26.550Z] Platform:      linux
[debug] [2023-04-28T10:31:26.550Z] Node Version:  v16.20.0
[debug] [2023-04-28T10:31:26.550Z] Time:          Fri Apr 28 2023 06:31:26 GMT-0400 (Eastern Daylight Time)
[debug] [2023-04-28T10:31:26.550Z] ----------------------------------------------------------------------
[debug] 
[debug] [2023-04-28T10:31:26.553Z] >>> [apiv2][query] GET https://firebase-public.firebaseio.com/cli.json [none]
[debug] [2023-04-28T10:31:26.637Z] > command requires scopes: ["email","openid","https://www.googleapis.com/auth/cloudplatformprojects.readonly","https://www.googleapis.com/auth/firebase","https://www.googleapis.com/auth/cloud-platform"]
[debug] [2023-04-28T10:31:26.637Z] > authorizing via signed-in user (ephywaanofii@gmail.com)
[debug] [2023-04-28T10:31:26.638Z] [iam] checking project todo-app-cp-b3e1d for permissions ["firebase.projects.get","firebasehosting.sites.update"]
[debug] [2023-04-28T10:31:26.638Z] > refreshing access token with scopes: []
[debug] [2023-04-28T10:31:26.640Z] >>> [apiv2][query] POST https://www.googleapis.com/oauth2/v3/token [none]
[debug] [2023-04-28T10:31:26.640Z] >>> [apiv2][body] POST https://www.googleapis.com/oauth2/v3/token [omitted]
[debug] [2023-04-28T10:31:33.000Z] <<< [apiv2][status] GET https://firebase-public.firebaseio.com/cli.json 200
[debug] [2023-04-28T10:31:33.002Z] <<< [apiv2][body] GET https://firebase-public.firebaseio.com/cli.json {"cloudBuildErrorAfter":1594252800000,"cloudBuildWarnAfter":1590019200000,"defaultNode10After":1594252800000,"minVersion":"3.0.5","node8DeploysDisabledAfter":1613390400000,"node8RuntimeDisabledAfter":1615809600000,"node8WarnAfter":1600128000000}
[debug] [2023-04-28T10:31:33.356Z] <<< [apiv2][status] POST https://www.googleapis.com/oauth2/v3/token 200
[debug] [2023-04-28T10:31:33.357Z] <<< [apiv2][body] POST https://www.googleapis.com/oauth2/v3/token [omitted]
[debug] [2023-04-28T10:31:33.370Z] >>> [apiv2][query] POST https://cloudresourcemanager.googleapis.com/v1/projects/todo-app-cp-b3e1d:testIamPermissions [none]
[debug] [2023-04-28T10:31:33.370Z] >>> [apiv2][(partial)header] POST https://cloudresourcemanager.googleapis.com/v1/projects/todo-app-cp-b3e1d:testIamPermissions x-goog-quota-user=projects/todo-app-cp-b3e1d
[debug] [2023-04-28T10:31:33.370Z] >>> [apiv2][body] POST https://cloudresourcemanager.googleapis.com/v1/projects/todo-app-cp-b3e1d:testIamPermissions {"permissions":["firebase.projects.get","firebasehosting.sites.update"]}
[debug] [2023-04-28T10:31:41.428Z] <<< [apiv2][status] POST https://cloudresourcemanager.googleapis.com/v1/projects/todo-app-cp-b3e1d:testIamPermissions 200
[debug] [2023-04-28T10:31:41.428Z] <<< [apiv2][body] POST https://cloudresourcemanager.googleapis.com/v1/projects/todo-app-cp-b3e1d:testIamPermissions {"permissions":["firebase.projects.get","firebasehosting.sites.update"]}
[debug] [2023-04-28T10:31:41.431Z] >>> [apiv2][query] GET https://firebase.googleapis.com/v1beta1/projects/todo-app-cp-b3e1d [none]
[debug] [2023-04-28T10:31:48.806Z] <<< [apiv2][status] GET https://firebase.googleapis.com/v1beta1/projects/todo-app-cp-b3e1d 200
[debug] [2023-04-28T10:31:48.807Z] <<< [apiv2][body] GET https://firebase.googleapis.com/v1beta1/projects/todo-app-cp-b3e1d {"projectId":"todo-app-cp-b3e1d","projectNumber":"52676973475","displayName":"todo-app-cp","name":"projects/todo-app-cp-b3e1d","resources":{"hostingSite":"todo-app-cp-b3e1d"},"state":"ACTIVE","etag":"1_17af9d0f-5c52-480b-87dc-3b58994471d5"}
[info] 
[info] === Deploying to 'todo-app-cp-b3e1d'...
[info] 
[info] i  deploying hosting 
[debug] [2023-04-28T10:31:48.815Z] >>> [apiv2][query] POST https://firebasehosting.googleapis.com/v1beta1/projects/-/sites/todo-app-cp-b3e1d/versions [none]
[debug] [2023-04-28T10:31:48.815Z] >>> [apiv2][body] POST https://firebasehosting.googleapis.com/v1beta1/projects/-/sites/todo-app-cp-b3e1d/versions {"status":"CREATED","labels":{"deployment-tool":"cli-firebase"}}
[debug] [2023-04-28T10:31:56.862Z] <<< [apiv2][status] POST https://firebasehosting.googleapis.com/v1beta1/projects/-/sites/todo-app-cp-b3e1d/versions 200
[debug] [2023-04-28T10:31:56.862Z] <<< [apiv2][body] POST https://firebasehosting.googleapis.com/v1beta1/projects/-/sites/todo-app-cp-b3e1d/versions {"name":"projects/52676973475/sites/todo-app-cp-b3e1d/versions/1af0aab82854ce26","status":"CREATED","config":{},"labels":{"deployment-tool":"cli-firebase"}}
[info] i  hosting[todo-app-cp-b3e1d]: beginning deploy... 
[info] i  hosting[todo-app-cp-b3e1d]: found 17 files in build 
[debug] [2023-04-28T10:31:56.908Z] [hosting] uploading with 200 concurrency
[debug] [2023-04-28T10:31:58.205Z] [hosting] hash cache [YnVpbGQ] stored for 17 files
[debug] [2023-04-28T10:31:58.205Z] [hosting][hash queue][FINAL] {"max":1263,"min":26,"avg":112.47058823529412,"active":0,"complete":17,"success":17,"errored":0,"retried":0,"total":17,"elapsed":1285}
[debug] [2023-04-28T10:31:58.205Z] >>> [apiv2][query] POST https://firebasehosting.googleapis.com/v1beta1/projects/52676973475/sites/todo-app-cp-b3e1d/versions/1af0aab82854ce26:populateFiles [none]
[debug] [2023-04-28T10:31:58.206Z] >>> [apiv2][body] POST https://firebasehosting.googleapis.com/v1beta1/projects/52676973475/sites/todo-app-cp-b3e1d/versions/1af0aab82854ce26:populateFiles {"files":{"/asset-manifest.json":"ce0924116b33b8e6beea73ff0fa582f18cbb3f7b16de3eb020253d358ea147b2","/index.html":"2cc2c69b325e206f5f0905c2b10b989539628739871e009287ed447fece37598","/manifest.json":"0958a5e0c831126100c8c2d06a6bbaa665a3900f21aaff4130238a6f5a113aa1","/precache-manifest.127b792e845fef1154aeb44ac240d7e2.js":"e69b05609a4333b510a0c6dc5f197ff636e3c8cb7d4ea820baed463613d3b355","/robots.txt":"2544ca049f223a42bff01f72ad930a5edba75bbb7199d0f8430a02ff5aca16ec","/service-worker.js":"4f3a9af427229289199b64000403088bf14cddf18542e6c0dba1c3aae6181e81","/static/css/main.b4d1d047.chunk.css":"2d1c9769186f6de06ff8729f8e5d220f4bc5bff1a9e8e2857f87f5547c5cf371","/static/css/main.b4d1d047.chunk.css.map":"1d6ab063a825b74ad9682aa45792df2770d4edde1bab9c6e0bc6b4918e39ce2c","/static/js/main.ca65d794.chunk.js":"0e9b2894b8f28f6d4dee925744aecb92efc540c29306f0e90799112cdd6c9e26","/static/js/main.ca65d794.chunk.js.map":"efb2c60a1abc03132f1b4192b1f114086026c67af13b1b8b940be3bc9fe34e24","/static/js/runtime~main.a8a9905a.js":"5b0313db8c475761662a933e703f2a6bd16847cdfc34b81915f5dd56862e4e77","/static/js/runtime~main.a8a9905a.js.map":"2510643041ce395196dfc3f9ae31cd72d7127dbd8457479959c6e22dd1b1eaeb","/favicon.ico":"c599b7a91ab3627e3538125d9f40adc2d4bf949046984262670545dc7738af06","/logo512.png":"7779210d56c1f3741e2e487799fe3092def4fa6ac450a60532b807c3a8971205","/logo192.png":"76c449ccb9cd117c2f2338f091b18f7050f3210e249b2228f5c81b23f34377cd","/static/js/2.3b729cb9.chunk.js":"dce6c854710445ee154a2cd824313d6df0bcc47f2193dd149e77b23bedffc530","/static/js/2.3b729cb9.chunk.js.map":"968345fdedbf64f5d9c9a691a51a5a5938b197e014ba4522f512edcb631d27b4"}}
[debug] [2023-04-28T10:32:05.912Z] <<< [apiv2][status] POST https://firebasehosting.googleapis.com/v1beta1/projects/52676973475/sites/todo-app-cp-b3e1d/versions/1af0aab82854ce26:populateFiles 200
[debug] [2023-04-28T10:32:05.913Z] <<< [apiv2][body] POST https://firebasehosting.googleapis.com/v1beta1/projects/52676973475/sites/todo-app-cp-b3e1d/versions/1af0aab82854ce26:populateFiles {"uploadRequiredHashes":["4f3a9af427229289199b64000403088bf14cddf18542e6c0dba1c3aae6181e81","2cc2c69b325e206f5f0905c2b10b989539628739871e009287ed447fece37598","968345fdedbf64f5d9c9a691a51a5a5938b197e014ba4522f512edcb631d27b4","efb2c60a1abc03132f1b4192b1f114086026c67af13b1b8b940be3bc9fe34e24","e69b05609a4333b510a0c6dc5f197ff636e3c8cb7d4ea820baed463613d3b355","dce6c854710445ee154a2cd824313d6df0bcc47f2193dd149e77b23bedffc530","0e9b2894b8f28f6d4dee925744aecb92efc540c29306f0e90799112cdd6c9e26","ce0924116b33b8e6beea73ff0fa582f18cbb3f7b16de3eb020253d358ea147b2"],"uploadUrl":"https://upload-firebasehosting.googleapis.com/upload/sites/todo-app-cp-b3e1d/versions/1af0aab82854ce26/files"}
[debug] [2023-04-28T10:32:05.922Z] >>> [apiv2][query] POST https://upload-firebasehosting.googleapis.com/upload/sites/todo-app-cp-b3e1d/versions/1af0aab82854ce26/files/4f3a9af427229289199b64000403088bf14cddf18542e6c0dba1c3aae6181e81 [none]
[debug] [2023-04-28T10:32:05.922Z] >>> [apiv2][body] POST https://upload-firebasehosting.googleapis.com/upload/sites/todo-app-cp-b3e1d/versions/1af0aab82854ce26/files/4f3a9af427229289199b64000403088bf14cddf18542e6c0dba1c3aae6181e81 [stream]
[debug] [2023-04-28T10:32:05.926Z] >>> [apiv2][query] POST https://upload-firebasehosting.googleapis.com/upload/sites/todo-app-cp-b3e1d/versions/1af0aab82854ce26/files/2cc2c69b325e206f5f0905c2b10b989539628739871e009287ed447fece37598 [none]
[debug] [2023-04-28T10:32:05.927Z] >>> [apiv2][body] POST https://upload-firebasehosting.googleapis.com/upload/sites/todo-app-cp-b3e1d/versions/1af0aab82854ce26/files/2cc2c69b325e206f5f0905c2b10b989539628739871e009287ed447fece37598 [stream]
[debug] [2023-04-28T10:32:05.931Z] >>> [apiv2][query] POST https://upload-firebasehosting.googleapis.com/upload/sites/todo-app-cp-b3e1d/versions/1af0aab82854ce26/files/968345fdedbf64f5d9c9a691a51a5a5938b197e014ba4522f512edcb631d27b4 [none]
[debug] [2023-04-28T10:32:05.932Z] >>> [apiv2][body] POST https://upload-firebasehosting.googleapis.com/upload/sites/todo-app-cp-b3e1d/versions/1af0aab82854ce26/files/968345fdedbf64f5d9c9a691a51a5a5938b197e014ba4522f512edcb631d27b4 [stream]
[debug] [2023-04-28T10:32:05.935Z] >>> [apiv2][query] POST https://upload-firebasehosting.googleapis.com/upload/sites/todo-app-cp-b3e1d/versions/1af0aab82854ce26/files/efb2c60a1abc03132f1b4192b1f114086026c67af13b1b8b940be3bc9fe34e24 [none]
[debug] [2023-04-28T10:32:05.935Z] >>> [apiv2][body] POST https://upload-firebasehosting.googleapis.com/upload/sites/todo-app-cp-b3e1d/versions/1af0aab82854ce26/files/efb2c60a1abc03132f1b4192b1f114086026c67af13b1b8b940be3bc9fe34e24 [stream]
[debug] [2023-04-28T10:32:05.939Z] >>> [apiv2][query] POST https://upload-firebasehosting.googleapis.com/upload/sites/todo-app-cp-b3e1d/versions/1af0aab82854ce26/files/e69b05609a4333b510a0c6dc5f197ff636e3c8cb7d4ea820baed463613d3b355 [none]
[debug] [2023-04-28T10:32:05.939Z] >>> [apiv2][body] POST https://upload-firebasehosting.googleapis.com/upload/sites/todo-app-cp-b3e1d/versions/1af0aab82854ce26/files/e69b05609a4333b510a0c6dc5f197ff636e3c8cb7d4ea820baed463613d3b355 [stream]
[debug] [2023-04-28T10:32:05.942Z] >>> [apiv2][query] POST https://upload-firebasehosting.googleapis.com/upload/sites/todo-app-cp-b3e1d/versions/1af0aab82854ce26/files/dce6c854710445ee154a2cd824313d6df0bcc47f2193dd149e77b23bedffc530 [none]
[debug] [2023-04-28T10:32:05.945Z] >>> [apiv2][body] POST https://upload-firebasehosting.googleapis.com/upload/sites/todo-app-cp-b3e1d/versions/1af0aab82854ce26/files/dce6c854710445ee154a2cd824313d6df0bcc47f2193dd149e77b23bedffc530 [stream]
[debug] [2023-04-28T10:32:05.950Z] >>> [apiv2][query] POST https://upload-firebasehosting.googleapis.com/upload/sites/todo-app-cp-b3e1d/versions/1af0aab82854ce26/files/0e9b2894b8f28f6d4dee925744aecb92efc540c29306f0e90799112cdd6c9e26 [none]
[debug] [2023-04-28T10:32:05.950Z] >>> [apiv2][body] POST https://upload-firebasehosting.googleapis.com/upload/sites/todo-app-cp-b3e1d/versions/1af0aab82854ce26/files/0e9b2894b8f28f6d4dee925744aecb92efc540c29306f0e90799112cdd6c9e26 [stream]
[debug] [2023-04-28T10:32:05.953Z] >>> [apiv2][query] POST https://upload-firebasehosting.googleapis.com/upload/sites/todo-app-cp-b3e1d/versions/1af0aab82854ce26/files/ce0924116b33b8e6beea73ff0fa582f18cbb3f7b16de3eb020253d358ea147b2 [none]
[debug] [2023-04-28T10:32:05.954Z] >>> [apiv2][body] POST https://upload-firebasehosting.googleapis.com/upload/sites/todo-app-cp-b3e1d/versions/1af0aab82854ce26/files/ce0924116b33b8e6beea73ff0fa582f18cbb3f7b16de3eb020253d358ea147b2 [stream]
[debug] [2023-04-28T10:32:05.957Z] [hosting][populate queue][FINAL] {"max":7718,"min":7718,"avg":7718,"active":0,"complete":1,"success":1,"errored":0,"retried":0,"total":1,"elapsed":7754}
[debug] [2023-04-28T10:32:05.957Z] [hosting] uploads queued: 8
[debug] [2023-04-28T10:32:14.786Z] <<< [apiv2][status] POST https://upload-firebasehosting.googleapis.com/upload/sites/todo-app-cp-b3e1d/versions/1af0aab82854ce26/files/4f3a9af427229289199b64000403088bf14cddf18542e6c0dba1c3aae6181e81 200
[debug] [2023-04-28T10:32:14.786Z] <<< [apiv2][body] POST https://upload-firebasehosting.googleapis.com/upload/sites/todo-app-cp-b3e1d/versions/1af0aab82854ce26/files/4f3a9af427229289199b64000403088bf14cddf18542e6c0dba1c3aae6181e81 [stream]
[debug] [2023-04-28T10:32:14.790Z] <<< [apiv2][status] POST https://upload-firebasehosting.googleapis.com/upload/sites/todo-app-cp-b3e1d/versions/1af0aab82854ce26/files/2cc2c69b325e206f5f0905c2b10b989539628739871e009287ed447fece37598 200
[debug] [2023-04-28T10:32:14.791Z] <<< [apiv2][body] POST https://upload-firebasehosting.googleapis.com/upload/sites/todo-app-cp-b3e1d/versions/1af0aab82854ce26/files/2cc2c69b325e206f5f0905c2b10b989539628739871e009287ed447fece37598 [stream]
[debug] [2023-04-28T10:32:20.340Z] <<< [apiv2][status] POST https://upload-firebasehosting.googleapis.com/upload/sites/todo-app-cp-b3e1d/versions/1af0aab82854ce26/files/efb2c60a1abc03132f1b4192b1f114086026c67af13b1b8b940be3bc9fe34e24 200
[debug] [2023-04-28T10:32:20.341Z] <<< [apiv2][body] POST https://upload-firebasehosting.googleapis.com/upload/sites/todo-app-cp-b3e1d/versions/1af0aab82854ce26/files/efb2c60a1abc03132f1b4192b1f114086026c67af13b1b8b940be3bc9fe34e24 [stream]
[debug] [2023-04-28T10:32:21.978Z] <<< [apiv2][status] POST https://upload-firebasehosting.googleapis.com/upload/sites/todo-app-cp-b3e1d/versions/1af0aab82854ce26/files/968345fdedbf64f5d9c9a691a51a5a5938b197e014ba4522f512edcb631d27b4 200
[debug] [2023-04-28T10:32:21.979Z] <<< [apiv2][body] POST https://upload-firebasehosting.googleapis.com/upload/sites/todo-app-cp-b3e1d/versions/1af0aab82854ce26/files/968345fdedbf64f5d9c9a691a51a5a5938b197e014ba4522f512edcb631d27b4 [stream]
[debug] [2023-04-28T10:32:28.189Z] <<< [apiv2][status] POST https://upload-firebasehosting.googleapis.com/upload/sites/todo-app-cp-b3e1d/versions/1af0aab82854ce26/files/dce6c854710445ee154a2cd824313d6df0bcc47f2193dd149e77b23bedffc530 200
[debug] [2023-04-28T10:32:28.190Z] <<< [apiv2][body] POST https://upload-firebasehosting.googleapis.com/upload/sites/todo-app-cp-b3e1d/versions/1af0aab82854ce26/files/dce6c854710445ee154a2cd824313d6df0bcc47f2193dd149e77b23bedffc530 [stream]
[debug] [2023-04-28T10:32:31.810Z] <<< [apiv2][status] POST https://upload-firebasehosting.googleapis.com/upload/sites/todo-app-cp-b3e1d/versions/1af0aab82854ce26/files/0e9b2894b8f28f6d4dee925744aecb92efc540c29306f0e90799112cdd6c9e26 200
[debug] [2023-04-28T10:32:31.812Z] <<< [apiv2][body] POST https://upload-firebasehosting.googleapis.com/upload/sites/todo-app-cp-b3e1d/versions/1af0aab82854ce26/files/0e9b2894b8f28f6d4dee925744aecb92efc540c29306f0e90799112cdd6c9e26 [stream]
[debug] [2023-04-28T10:32:32.923Z] <<< [apiv2][status] POST https://upload-firebasehosting.googleapis.com/upload/sites/todo-app-cp-b3e1d/versions/1af0aab82854ce26/files/e69b05609a4333b510a0c6dc5f197ff636e3c8cb7d4ea820baed463613d3b355 200
[debug] [2023-04-28T10:32:32.923Z] <<< [apiv2][body] POST https://upload-firebasehosting.googleapis.com/upload/sites/todo-app-cp-b3e1d/versions/1af0aab82854ce26/files/e69b05609a4333b510a0c6dc5f197ff636e3c8cb7d4ea820baed463613d3b355 [stream]
[debug] [2023-04-28T10:32:36.324Z] [uploadQueue] Retrying task ce0924116b33b8e6beea73ff0fa582f18cbb3f7b16de3eb020253d358ea147b2
[debug] [2023-04-28T10:32:36.326Z] >>> [apiv2][query] POST https://upload-firebasehosting.googleapis.com/upload/sites/todo-app-cp-b3e1d/versions/1af0aab82854ce26/files/ce0924116b33b8e6beea73ff0fa582f18cbb3f7b16de3eb020253d358ea147b2 [none]
[debug] [2023-04-28T10:32:36.327Z] >>> [apiv2][body] POST https://upload-firebasehosting.googleapis.com/upload/sites/todo-app-cp-b3e1d/versions/1af0aab82854ce26/files/ce0924116b33b8e6beea73ff0fa582f18cbb3f7b16de3eb020253d358ea147b2 [stream]
[debug] [2023-04-28T10:32:44.916Z] <<< [apiv2][status] POST https://upload-firebasehosting.googleapis.com/upload/sites/todo-app-cp-b3e1d/versions/1af0aab82854ce26/files/ce0924116b33b8e6beea73ff0fa582f18cbb3f7b16de3eb020253d358ea147b2 200
[debug] [2023-04-28T10:32:44.916Z] <<< [apiv2][body] POST https://upload-firebasehosting.googleapis.com/upload/sites/todo-app-cp-b3e1d/versions/1af0aab82854ce26/files/ce0924116b33b8e6beea73ff0fa582f18cbb3f7b16de3eb020253d358ea147b2 [stream]
[debug] [2023-04-28T10:32:44.917Z] [hosting][upload queue][FINAL] {"max":27006,"min":8592,"avg":16499.25,"active":0,"complete":8,"success":8,"errored":0,"retried":1,"total":8,"elapsed":39003}
[info] ✔  hosting[todo-app-cp-b3e1d]: file upload complete 
[debug] [2023-04-28T10:32:44.920Z] [hosting] deploy completed after 48048ms
[debug] [2023-04-28T10:32:44.926Z] [
  {
    "config": {
      "public": "build",
      "ignore": [
        "firebase.json",
        "**/.*",
        "**/node_modules/**"
      ],
      "rewrites": [
        {
          "source": "**",
          "destination": "/index.html"
        }
      ],
      "site": "todo-app-cp-b3e1d"
    },
    "version": "projects/52676973475/sites/todo-app-cp-b3e1d/versions/1af0aab82854ce26"
  }
]
[info] i  hosting[todo-app-cp-b3e1d]: finalizing version... 
[debug] [2023-04-28T10:32:44.933Z] >>> [apiv2][query] PATCH https://firebasehosting.googleapis.com/v1beta1/projects/-/sites/todo-app-cp-b3e1d/versions/1af0aab82854ce26 updateMask=status%2Cconfig
[debug] [2023-04-28T10:32:44.933Z] >>> [apiv2][body] PATCH https://firebasehosting.googleapis.com/v1beta1/projects/-/sites/todo-app-cp-b3e1d/versions/1af0aab82854ce26 {"status":"FINALIZED","config":{"rewrites":[{"glob":"**","path":"/index.html"}]}}
[debug] [2023-04-28T10:32:52.703Z] <<< [apiv2][status] PATCH https://firebasehosting.googleapis.com/v1beta1/projects/-/sites/todo-app-cp-b3e1d/versions/1af0aab82854ce26 200
[debug] [2023-04-28T10:32:52.703Z] <<< [apiv2][body] PATCH https://firebasehosting.googleapis.com/v1beta1/projects/-/sites/todo-app-cp-b3e1d/versions/1af0aab82854ce26 {"name":"projects/52676973475/sites/todo-app-cp-b3e1d/versions/1af0aab82854ce26","status":"FINALIZED","config":{"rewrites":[{"glob":"**","path":"/index.html"}]},"labels":{"deployment-tool":"cli-firebase"},"createTime":"2023-04-28T10:31:46.901776Z","createUser":{"email":"ephywaanofii@gmail.com"},"finalizeTime":"2023-04-28T10:32:43.194508Z","finalizeUser":{"email":"ephywaanofii@gmail.com"}}
[debug] [2023-04-28T10:32:52.703Z] [hosting] finalized version for todo-app-cp-b3e1d:[object Object]
[info] ✔  hosting[todo-app-cp-b3e1d]: version finalized 
[info] i  hosting[todo-app-cp-b3e1d]: releasing new version... 
[debug] [2023-04-28T10:32:52.705Z] >>> [apiv2][query] POST https://firebasehosting.googleapis.com/v1beta1/projects/-/sites/todo-app-cp-b3e1d/channels/live/releases versionName=projects%2F52676973475%2Fsites%2Ftodo-app-cp-b3e1d%2Fversions%2F1af0aab82854ce26
[debug] [2023-04-28T10:32:52.706Z] >>> [apiv2][body] POST https://firebasehosting.googleapis.com/v1beta1/projects/-/sites/todo-app-cp-b3e1d/channels/live/releases {}
[debug] [2023-04-28T10:33:01.020Z] <<< [apiv2][status] POST https://firebasehosting.googleapis.com/v1beta1/projects/-/sites/todo-app-cp-b3e1d/channels/live/releases 200
[debug] [2023-04-28T10:33:01.021Z] <<< [apiv2][body] POST https://firebasehosting.googleapis.com/v1beta1/projects/-/sites/todo-app-cp-b3e1d/channels/live/releases {"name":"projects/52676973475/sites/todo-app-cp-b3e1d/channels/live/releases/1682677970635000","version":{"name":"projects/52676973475/sites/todo-app-cp-b3e1d/versions/1af0aab82854ce26","status":"FINALIZED","config":{"rewrites":[{"glob":"**","path":"/index.html"}]},"labels":{"deployment-tool":"cli-firebase"},"createTime":"2023-04-28T10:31:46.901776Z","createUser":{"email":"ephywaanofii@gmail.com","imageUrl":"https://lh3.googleusercontent.com/a/AGNmyxZG2oL9pw6MYLkHtCbxPJ90Fi-RceabuyqwHX2w"},"finalizeTime":"2023-04-28T10:32:43.194508Z","finalizeUser":{"email":"ephywaanofii@gmail.com","imageUrl":"https://lh3.googleusercontent.com/a/AGNmyxZG2oL9pw6MYLkHtCbxPJ90Fi-RceabuyqwHX2w"}},"type":"DEPLOY","releaseTime":"2023-04-28T10:32:50.635Z","releaseUser":{"email":"ephywaanofii@gmail.com","imageUrl":"https://lh3.googleusercontent.com/a/AGNmyxZG2oL9pw6MYLkHtCbxPJ90Fi-RceabuyqwHX2w"}}
[debug] [2023-04-28T10:33:01.021Z] [hosting] release: {"name":"projects/52676973475/sites/todo-app-cp-b3e1d/channels/live/releases/1682677970635000","version":{"name":"projects/52676973475/sites/todo-app-cp-b3e1d/versions/1af0aab82854ce26","status":"FINALIZED","config":{"rewrites":[{"glob":"**","path":"/index.html"}]},"labels":{"deployment-tool":"cli-firebase"},"createTime":"2023-04-28T10:31:46.901776Z","createUser":{"email":"ephywaanofii@gmail.com","imageUrl":"https://lh3.googleusercontent.com/a/AGNmyxZG2oL9pw6MYLkHtCbxPJ90Fi-RceabuyqwHX2w"},"finalizeTime":"2023-04-28T10:32:43.194508Z","finalizeUser":{"email":"ephywaanofii@gmail.com","imageUrl":"https://lh3.googleusercontent.com/a/AGNmyxZG2oL9pw6MYLkHtCbxPJ90Fi-RceabuyqwHX2w"}},"type":"DEPLOY","releaseTime":"2023-04-28T10:32:50.635Z","releaseUser":{"email":"ephywaanofii@gmail.com","imageUrl":"https://lh3.googleusercontent.com/a/AGNmyxZG2oL9pw6MYLkHtCbxPJ90Fi-RceabuyqwHX2w"}}
[info] ✔  hosting[todo-app-cp-b3e1d]: release complete 
[info] 
[info] ✔  Deploy complete! 
[info] 
[info] Project Console: https://console.firebase.google.com/project/todo-app-cp-b3e1d/overview
[info] Hosting URL: https://todo-app-cp-b3e1d.web.app
[debug] [2023-04-28T10:33:17.525Z] Error: Timed out.
    at Timeout._onTimeout (/home/ephrem/.nvm/versions/node/v16.20.0/lib/node_modules/firebase-tools/lib/utils.js:253:49)
    at listOnTimeout (node:internal/timers:559:17)
    at processTimers (node:internal/timers:502:7)
[error] 
[error] Error: An unexpected error has occurred.
